{"uid":"ede461ed272a159","name":"testBuildNowWithAnError","fullName":"school.redrover.PipelineTest.testBuildNowWithAnError","historyId":"aea8a82e8c71f009416690cc7ec8411b","time":{"start":1717577709671,"stop":1717577719694,"duration":10023},"status":"broken","statusMessage":"Expected condition failed: waiting for element to be clickable: Proxy element for: DefaultElementLocator 'By.xpath: //a[@data-build-success = 'Build scheduled']' (tried for 5 second(s) with 500 milliseconds interval)","statusTrace":"org.openqa.selenium.TimeoutException: Expected condition failed: waiting for element to be clickable: Proxy element for: DefaultElementLocator 'By.xpath: //a[@data-build-success = 'Build scheduled']' (tried for 5 second(s) with 500 milliseconds interval)\n\tat org.openqa.selenium.support.ui.WebDriverWait.timeoutException(WebDriverWait.java:84)\n\tat org.openqa.selenium.support.ui.FluentWait.until(FluentWait.java:228)\n\tat school.redrover.model.PipelineProjectPage.clickBuild(PipelineProjectPage.java:237)\n\tat school.redrover.PipelineTest.testBuildNowWithAnError(PipelineTest.java:1212)\n\tat java.base/jdk.internal.reflect.NativeMethodAccessorImpl.invoke0(Native Method)\n\tat java.base/jdk.internal.reflect.NativeMethodAccessorImpl.invoke(NativeMethodAccessorImpl.java:77)\n\tat java.base/jdk.internal.reflect.DelegatingMethodAccessorImpl.invoke(DelegatingMethodAccessorImpl.java:43)\n\tat java.base/java.lang.reflect.Method.invoke(Method.java:568)\n\tat org.testng.internal.invokers.MethodInvocationHelper.invokeMethod(MethodInvocationHelper.java:139)\n\tat org.testng.internal.invokers.TestInvoker.invokeMethod(TestInvoker.java:664)\n\tat org.testng.internal.invokers.TestInvoker.invokeTestMethod(TestInvoker.java:228)\n\tat org.testng.internal.invokers.MethodRunner.runInSequence(MethodRunner.java:63)\n\tat org.testng.internal.invokers.TestInvoker$MethodInvocationAgent.invoke(TestInvoker.java:961)\n\tat org.testng.internal.invokers.TestInvoker.invokeTestMethods(TestInvoker.java:201)\n\tat org.testng.internal.invokers.TestMethodWorker.invokeTestMethods(TestMethodWorker.java:148)\n\tat org.testng.internal.invokers.TestMethodWorker.run(TestMethodWorker.java:128)\n\tat java.base/java.util.ArrayList.forEach(ArrayList.java:1511)\n\tat org.testng.TestRunner.privateRun(TestRunner.java:819)\n\tat org.testng.TestRunner.run(TestRunner.java:619)\n\tat org.testng.SuiteRunner.runTest(SuiteRunner.java:443)\n\tat org.testng.SuiteRunner.runSequentially(SuiteRunner.java:437)\n\tat org.testng.SuiteRunner.privateRun(SuiteRunner.java:397)\n\tat org.testng.SuiteRunner.run(SuiteRunner.java:336)\n\tat org.testng.SuiteRunnerWorker.runSuite(SuiteRunnerWorker.java:52)\n\tat org.testng.SuiteRunnerWorker.run(SuiteRunnerWorker.java:95)\n\tat org.testng.TestNG.runSuitesSequentially(TestNG.java:1301)\n\tat org.testng.TestNG.runSuitesLocally(TestNG.java:1228)\n\tat org.testng.TestNG.runSuites(TestNG.java:1134)\n\tat org.testng.TestNG.run(TestNG.java:1101)\n\tat org.apache.maven.surefire.testng.TestNGExecutor.run(TestNGExecutor.java:77)\n\tat org.apache.maven.surefire.testng.TestNGDirectoryTestSuite.executeMulti(TestNGDirectoryTestSuite.java:159)\n\tat org.apache.maven.surefire.testng.TestNGDirectoryTestSuite.execute(TestNGDirectoryTestSuite.java:99)\n\tat org.apache.maven.surefire.testng.TestNGProvider.invoke(TestNGProvider.java:106)\n\tat java.base/jdk.internal.reflect.NativeMethodAccessorImpl.invoke0(Native Method)\n\tat java.base/jdk.internal.reflect.NativeMethodAccessorImpl.invoke(NativeMethodAccessorImpl.java:77)\n\tat java.base/jdk.internal.reflect.DelegatingMethodAccessorImpl.invoke(DelegatingMethodAccessorImpl.java:43)\n\tat java.base/java.lang.reflect.Method.invoke(Method.java:568)\n\tat org.apache.maven.surefire.util.ReflectionUtils.invokeMethodWithArray(ReflectionUtils.java:189)\n\tat org.apache.maven.surefire.booter.ProviderFactory$ProviderProxy.invoke(ProviderFactory.java:165)\n\tat org.apache.maven.surefire.booter.ProviderFactory.invokeProvider(ProviderFactory.java:85)\n\tat org.apache.maven.surefire.booter.ForkedBooter.runSuitesInProcess(ForkedBooter.java:115)\n\tat org.apache.maven.surefire.booter.ForkedBooter.main(ForkedBooter.java:75)\nCaused by: org.openqa.selenium.NoSuchElementException: no such element: Unable to locate element: {\"method\":\"xpath\",\"selector\":\"//a[@data-build-success = 'Build scheduled']\"}\n  (Session info: chrome=125.0.6422.112)\nFor documentation on this error, please visit: https://www.selenium.dev/documentation/webdriver/troubleshooting/errors#no-such-element-exception\nBuild info: version: '4.21.0', revision: '79ed462ef4'\nSystem info: os.name: 'Linux', os.arch: 'amd64', os.version: '6.5.0-1021-azure', java.version: '17.0.11'\nDriver info: org.openqa.selenium.chrome.ChromeDriver\nCommand: [d1992bdcab0a020657f8ad887675ba28, findElement {value=//a[@data-build-success = 'Build scheduled'], using=xpath}]\nCapabilities {acceptInsecureCerts: false, browserName: chrome, browserVersion: 125.0.6422.112, chrome: {chromedriverVersion: 125.0.6422.78 (14db42ec38ad..., userDataDir: /tmp/.org.chromium.Chromium...}, fedcm:accounts: true, goog:chromeOptions: {debuggerAddress: localhost:42695}, networkConnectionEnabled: false, pageLoadStrategy: normal, platformName: linux, proxy: Proxy(), se:cdp: ws://localhost:42695/devtoo..., se:cdpVersion: 125.0.6422.112, setWindowRect: true, strictFileInteractability: false, timeouts: {implicit: 0, pageLoad: 300000, script: 30000}, unhandledPromptBehavior: dismiss and notify, webauthn:extension:credBlob: true, webauthn:extension:largeBlob: true, webauthn:extension:minPinLength: true, webauthn:extension:prf: true, webauthn:virtualAuthenticators: true}\nSession ID: d1992bdcab0a020657f8ad887675ba28\n\tat java.base/jdk.internal.reflect.NativeConstructorAccessorImpl.newInstance0(Native Method)\n\tat java.base/jdk.internal.reflect.NativeConstructorAccessorImpl.newInstance(NativeConstructorAccessorImpl.java:77)\n\tat java.base/jdk.internal.reflect.DelegatingConstructorAccessorImpl.newInstance(DelegatingConstructorAccessorImpl.java:45)\n\tat java.base/java.lang.reflect.Constructor.newInstanceWithCaller(Constructor.java:499)\n\tat java.base/java.lang.reflect.Constructor.newInstance(Constructor.java:480)\n\tat org.openqa.selenium.remote.ErrorCodec.decode(ErrorCodec.java:167)\n\tat org.openqa.selenium.remote.codec.w3c.W3CHttpResponseCodec.decode(W3CHttpResponseCodec.java:138)\n\tat org.openqa.selenium.remote.codec.w3c.W3CHttpResponseCodec.decode(W3CHttpResponseCodec.java:50)\n\tat org.openqa.selenium.remote.HttpCommandExecutor.execute(HttpCommandExecutor.java:190)\n\tat org.openqa.selenium.remote.service.DriverCommandExecutor.invokeExecute(DriverCommandExecutor.java:216)\n\tat org.openqa.selenium.remote.service.DriverCommandExecutor.execute(DriverCommandExecutor.java:174)\n\tat org.openqa.selenium.remote.RemoteWebDriver.execute(RemoteWebDriver.java:518)\n\tat org.openqa.selenium.remote.ElementLocation$ElementFinder$2.findElement(ElementLocation.java:165)\n\tat org.openqa.selenium.remote.ElementLocation.findElement(ElementLocation.java:59)\n\tat org.openqa.selenium.remote.RemoteWebDriver.findElement(RemoteWebDriver.java:355)\n\tat org.openqa.selenium.remote.RemoteWebDriver.findElement(RemoteWebDriver.java:349)\n\tat org.openqa.selenium.support.pagefactory.DefaultElementLocator.findElement(DefaultElementLocator.java:68)\n\tat org.openqa.selenium.support.pagefactory.internal.LocatingElementHandler.invoke(LocatingElementHandler.java:38)\n\tat jdk.proxy2/jdk.proxy2.$Proxy38.isDisplayed(Unknown Source)\n\tat org.openqa.selenium.support.ui.ExpectedConditions.elementIfVisible(ExpectedConditions.java:304)\n\tat org.openqa.selenium.support.ui.ExpectedConditions$10.apply(ExpectedConditions.java:290)\n\tat org.openqa.selenium.support.ui.ExpectedConditions$10.apply(ExpectedConditions.java:287)\n\tat org.openqa.selenium.support.ui.ExpectedConditions$23.apply(ExpectedConditions.java:656)\n\tat org.openqa.selenium.support.ui.ExpectedConditions$23.apply(ExpectedConditions.java:652)\n\tat org.openqa.selenium.support.ui.FluentWait.until(FluentWait.java:203)\n\t... 40 more\n","flaky":false,"newFailed":false,"newBroken":true,"newPassed":false,"retriesCount":0,"retriesStatusChange":false,"beforeStages":[{"name":"beforeClass","time":{"start":1717577660568,"stop":1717577660569,"duration":1},"description":"","status":"passed","steps":[],"attachments":[],"parameters":[],"shouldDisplayMessage":false,"stepsCount":0,"attachmentsCount":0,"hasContent":false,"attachmentStep":false},{"name":"beforeMethod","time":{"start":1717577708798,"stop":1717577709670,"duration":872},"description":"","status":"passed","steps":[],"attachments":[],"parameters":[],"shouldDisplayMessage":false,"stepsCount":0,"attachmentsCount":0,"hasContent":false,"attachmentStep":false}],"afterStages":[{"name":"afterMethod","time":{"start":1717577719698,"stop":1717577719945,"duration":247},"description":"","status":"passed","steps":[],"attachments":[],"parameters":[],"shouldDisplayMessage":false,"stepsCount":0,"attachmentsCount":0,"hasContent":false,"attachmentStep":false}],"labels":[{"name":"package","value":"school.redrover.PipelineTest"},{"name":"testClass","value":"school.redrover.PipelineTest"},{"name":"testMethod","value":"testBuildNowWithAnError"},{"name":"parentSuite","value":"Command line suite"},{"name":"suite","value":"Command line test"},{"name":"subSuite","value":"school.redrover.PipelineTest"},{"name":"host","value":"fv-az2022-91"},{"name":"thread","value":"2576@fv-az2022-91.main(1)"},{"name":"framework","value":"testng"},{"name":"language","value":"java"},{"name":"resultFormat","value":"allure2"}],"parameters":[],"links":[],"hidden":false,"retry":false,"extra":{"severity":"normal","retries":[],"categories":[{"name":"Test defects","matchedStatuses":[],"flaky":false}],"history":{"statistic":{"failed":0,"broken":1,"skipped":0,"passed":13,"unknown":0,"total":14},"items":[{"uid":"38f1ef4631139c6d","reportUrl":"https://RedRoverSchool.github.io/JenkinsQA_2024_spring/2540//#testresult/38f1ef4631139c6d","status":"passed","time":{"start":1717576142965,"stop":1717576144484,"duration":1519}},{"uid":"32f0d4b7a588baee","reportUrl":"https://RedRoverSchool.github.io/JenkinsQA_2024_spring/2539//#testresult/32f0d4b7a588baee","status":"passed","time":{"start":1717573866857,"stop":1717573868159,"duration":1302}},{"uid":"76972d2382baf12e","reportUrl":"https://RedRoverSchool.github.io/JenkinsQA_2024_spring/2538//#testresult/76972d2382baf12e","status":"passed","time":{"start":1717571030871,"stop":1717571032417,"duration":1546}},{"uid":"13af0c3a148c796d","reportUrl":"https://RedRoverSchool.github.io/JenkinsQA_2024_spring/2537//#testresult/13af0c3a148c796d","status":"passed","time":{"start":1717560326601,"stop":1717560328128,"duration":1527}},{"uid":"c5500df89f55ebdd","reportUrl":"https://RedRoverSchool.github.io/JenkinsQA_2024_spring/2536//#testresult/c5500df89f55ebdd","status":"passed","time":{"start":1717540557546,"stop":1717540558903,"duration":1357}},{"uid":"8200b3390da90d02","reportUrl":"https://RedRoverSchool.github.io/JenkinsQA_2024_spring/2534//#testresult/8200b3390da90d02","status":"passed","time":{"start":1717480857728,"stop":1717480859298,"duration":1570}},{"uid":"1469aa91d3999a28","reportUrl":"https://RedRoverSchool.github.io/JenkinsQA_2024_spring/2530//#testresult/1469aa91d3999a28","status":"passed","time":{"start":1717392319460,"stop":1717392320746,"duration":1286}},{"uid":"235f9d42ca7dc833","reportUrl":"https://RedRoverSchool.github.io/JenkinsQA_2024_spring/2529//#testresult/235f9d42ca7dc833","status":"passed","time":{"start":1717262325323,"stop":1717262326949,"duration":1626}},{"uid":"4bec568fc16ad1a5","reportUrl":"https://RedRoverSchool.github.io/JenkinsQA_2024_spring/2528//#testresult/4bec568fc16ad1a5","status":"passed","time":{"start":1717261231643,"stop":1717261233202,"duration":1559}},{"uid":"6ace04188c80eb5b","reportUrl":"https://RedRoverSchool.github.io/JenkinsQA_2024_spring/2527//#testresult/6ace04188c80eb5b","status":"passed","time":{"start":1717260130542,"stop":1717260131848,"duration":1306}},{"uid":"a9011aacfccba0fb","reportUrl":"https://RedRoverSchool.github.io/JenkinsQA_2024_spring/2526//#testresult/a9011aacfccba0fb","status":"passed","time":{"start":1717258894957,"stop":1717258896404,"duration":1447}},{"uid":"c5c0838eeb83a0b","reportUrl":"https://RedRoverSchool.github.io/JenkinsQA_2024_spring/2525//#testresult/c5c0838eeb83a0b","status":"passed","time":{"start":1717219714776,"stop":1717219716265,"duration":1489}},{"uid":"ab8ef2dad36c8dda","reportUrl":"https://RedRoverSchool.github.io/JenkinsQA_2024_spring/2524//#testresult/ab8ef2dad36c8dda","status":"passed","time":{"start":1717200097464,"stop":1717200099165,"duration":1701}}]},"tags":[]},"source":"ede461ed272a159.json","parameterValues":[]}