{"uid":"f24761dd8b958516","name":"testPermalinksDisplayed","fullName":"school.redrover.BuildHistoryTest.testPermalinksDisplayed","historyId":"195ad2a32cb896b73daf21fb1fd426dd","time":{"start":1718748400243,"stop":1718748400483,"duration":240},"description":"Check 'Build now: Done.' notification is displayed","descriptionHtml":"<p>Check 'Build now: Done.' notification is displayed</p>\n","status":"failed","statusMessage":"Lists differ at element [0]: Last build (#1) != Last build (#2) expected [Last build (#1)] but found [Last build (#2)]","statusTrace":"java.lang.AssertionError: Lists differ at element [0]: Last build (#1) != Last build (#2) expected [Last build (#1)] but found [Last build (#2)]\n\tat org.testng.Assert.fail(Assert.java:111)\n\tat org.testng.Assert.failNotEquals(Assert.java:1578)\n\tat org.testng.Assert.assertEqualsImpl(Assert.java:150)\n\tat org.testng.Assert.assertEquals(Assert.java:1644)\n\tat org.testng.Assert.assertEquals(Assert.java:1606)\n\tat school.redrover.BuildHistoryTest.testPermalinksDisplayed(BuildHistoryTest.java:105)\n\tat java.base/jdk.internal.reflect.NativeMethodAccessorImpl.invoke0(Native Method)\n\tat java.base/jdk.internal.reflect.NativeMethodAccessorImpl.invoke(NativeMethodAccessorImpl.java:77)\n\tat java.base/jdk.internal.reflect.DelegatingMethodAccessorImpl.invoke(DelegatingMethodAccessorImpl.java:43)\n\tat java.base/java.lang.reflect.Method.invoke(Method.java:568)\n\tat org.testng.internal.invokers.MethodInvocationHelper.invokeMethod(MethodInvocationHelper.java:139)\n\tat org.testng.internal.invokers.TestInvoker.invokeMethod(TestInvoker.java:664)\n\tat org.testng.internal.invokers.TestInvoker.invokeTestMethod(TestInvoker.java:228)\n\tat org.testng.internal.invokers.MethodRunner.runInSequence(MethodRunner.java:63)\n\tat org.testng.internal.invokers.TestInvoker$MethodInvocationAgent.invoke(TestInvoker.java:961)\n\tat org.testng.internal.invokers.TestInvoker.invokeTestMethods(TestInvoker.java:201)\n\tat org.testng.internal.invokers.TestMethodWorker.invokeTestMethods(TestMethodWorker.java:148)\n\tat org.testng.internal.invokers.TestMethodWorker.run(TestMethodWorker.java:128)\n\tat java.base/java.util.ArrayList.forEach(ArrayList.java:1511)\n\tat org.testng.TestRunner.privateRun(TestRunner.java:819)\n\tat org.testng.TestRunner.run(TestRunner.java:619)\n\tat org.testng.SuiteRunner.runTest(SuiteRunner.java:443)\n\tat org.testng.SuiteRunner.runSequentially(SuiteRunner.java:437)\n\tat org.testng.SuiteRunner.privateRun(SuiteRunner.java:397)\n\tat org.testng.SuiteRunner.run(SuiteRunner.java:336)\n\tat org.testng.SuiteRunnerWorker.runSuite(SuiteRunnerWorker.java:52)\n\tat org.testng.SuiteRunnerWorker.run(SuiteRunnerWorker.java:95)\n\tat org.testng.TestNG.runSuitesSequentially(TestNG.java:1301)\n\tat org.testng.TestNG.runSuitesLocally(TestNG.java:1228)\n\tat org.testng.TestNG.runSuites(TestNG.java:1134)\n\tat org.testng.TestNG.run(TestNG.java:1101)\n\tat org.apache.maven.surefire.testng.TestNGExecutor.run(TestNGExecutor.java:155)\n\tat org.apache.maven.surefire.testng.TestNGDirectoryTestSuite.executeMulti(TestNGDirectoryTestSuite.java:169)\n\tat org.apache.maven.surefire.testng.TestNGDirectoryTestSuite.execute(TestNGDirectoryTestSuite.java:88)\n\tat org.apache.maven.surefire.testng.TestNGProvider.invoke(TestNGProvider.java:137)\n\tat org.apache.maven.surefire.booter.ForkedBooter.runSuitesInProcess(ForkedBooter.java:385)\n\tat org.apache.maven.surefire.booter.ForkedBooter.execute(ForkedBooter.java:162)\n\tat org.apache.maven.surefire.booter.ForkedBooter.run(ForkedBooter.java:507)\n\tat org.apache.maven.surefire.booter.ForkedBooter.main(ForkedBooter.java:495)\n","flaky":false,"newFailed":false,"newBroken":false,"newPassed":false,"retriesCount":0,"retriesStatusChange":false,"beforeStages":[{"name":"beforeClass","time":{"start":1718748385768,"stop":1718748385768,"duration":0},"description":"","status":"passed","steps":[],"attachments":[],"parameters":[],"shouldDisplayMessage":false,"stepsCount":0,"attachmentsCount":0,"hasContent":false,"attachmentStep":false},{"name":"beforeMethod","time":{"start":1718748400172,"stop":1718748400241,"duration":69},"description":"","status":"passed","steps":[],"attachments":[],"parameters":[],"shouldDisplayMessage":false,"stepsCount":0,"attachmentsCount":0,"hasContent":false,"attachmentStep":false}],"testStage":{"description":"Check 'Build now: Done.' notification is displayed","status":"failed","statusMessage":"Lists differ at element [0]: Last build (#1) != Last build (#2) expected [Last build (#1)] but found [Last build (#2)]","statusTrace":"java.lang.AssertionError: Lists differ at element [0]: Last build (#1) != Last build (#2) expected [Last build (#1)] but found [Last build (#2)]\n\tat org.testng.Assert.fail(Assert.java:111)\n\tat org.testng.Assert.failNotEquals(Assert.java:1578)\n\tat org.testng.Assert.assertEqualsImpl(Assert.java:150)\n\tat org.testng.Assert.assertEquals(Assert.java:1644)\n\tat org.testng.Assert.assertEquals(Assert.java:1606)\n\tat school.redrover.BuildHistoryTest.testPermalinksDisplayed(BuildHistoryTest.java:105)\n\tat java.base/jdk.internal.reflect.NativeMethodAccessorImpl.invoke0(Native Method)\n\tat java.base/jdk.internal.reflect.NativeMethodAccessorImpl.invoke(NativeMethodAccessorImpl.java:77)\n\tat java.base/jdk.internal.reflect.DelegatingMethodAccessorImpl.invoke(DelegatingMethodAccessorImpl.java:43)\n\tat java.base/java.lang.reflect.Method.invoke(Method.java:568)\n\tat org.testng.internal.invokers.MethodInvocationHelper.invokeMethod(MethodInvocationHelper.java:139)\n\tat org.testng.internal.invokers.TestInvoker.invokeMethod(TestInvoker.java:664)\n\tat org.testng.internal.invokers.TestInvoker.invokeTestMethod(TestInvoker.java:228)\n\tat org.testng.internal.invokers.MethodRunner.runInSequence(MethodRunner.java:63)\n\tat org.testng.internal.invokers.TestInvoker$MethodInvocationAgent.invoke(TestInvoker.java:961)\n\tat org.testng.internal.invokers.TestInvoker.invokeTestMethods(TestInvoker.java:201)\n\tat org.testng.internal.invokers.TestMethodWorker.invokeTestMethods(TestMethodWorker.java:148)\n\tat org.testng.internal.invokers.TestMethodWorker.run(TestMethodWorker.java:128)\n\tat java.base/java.util.ArrayList.forEach(ArrayList.java:1511)\n\tat org.testng.TestRunner.privateRun(TestRunner.java:819)\n\tat org.testng.TestRunner.run(TestRunner.java:619)\n\tat org.testng.SuiteRunner.runTest(SuiteRunner.java:443)\n\tat org.testng.SuiteRunner.runSequentially(SuiteRunner.java:437)\n\tat org.testng.SuiteRunner.privateRun(SuiteRunner.java:397)\n\tat org.testng.SuiteRunner.run(SuiteRunner.java:336)\n\tat org.testng.SuiteRunnerWorker.runSuite(SuiteRunnerWorker.java:52)\n\tat org.testng.SuiteRunnerWorker.run(SuiteRunnerWorker.java:95)\n\tat org.testng.TestNG.runSuitesSequentially(TestNG.java:1301)\n\tat org.testng.TestNG.runSuitesLocally(TestNG.java:1228)\n\tat org.testng.TestNG.runSuites(TestNG.java:1134)\n\tat org.testng.TestNG.run(TestNG.java:1101)\n\tat org.apache.maven.surefire.testng.TestNGExecutor.run(TestNGExecutor.java:155)\n\tat org.apache.maven.surefire.testng.TestNGDirectoryTestSuite.executeMulti(TestNGDirectoryTestSuite.java:169)\n\tat org.apache.maven.surefire.testng.TestNGDirectoryTestSuite.execute(TestNGDirectoryTestSuite.java:88)\n\tat org.apache.maven.surefire.testng.TestNGProvider.invoke(TestNGProvider.java:137)\n\tat org.apache.maven.surefire.booter.ForkedBooter.runSuitesInProcess(ForkedBooter.java:385)\n\tat org.apache.maven.surefire.booter.ForkedBooter.execute(ForkedBooter.java:162)\n\tat org.apache.maven.surefire.booter.ForkedBooter.run(ForkedBooter.java:507)\n\tat org.apache.maven.surefire.booter.ForkedBooter.main(ForkedBooter.java:495)\n","steps":[{"name":"Click the 'My freestyle project' project name","time":{"start":1718748400283,"stop":1718748400412,"duration":129},"status":"passed","steps":[],"attachments":[],"parameters":[{"name":"name","value":"My freestyle project"},{"name":"page","value":"school.redrover.model.BuildHistoryPage@476e1a47"}],"shouldDisplayMessage":false,"stepsCount":0,"attachmentsCount":0,"hasContent":true,"attachmentStep":false},{"name":"Expected result:Permalinks should be displayed on the BuildHistory Page","time":{"start":1718748400477,"stop":1718748400477,"duration":0},"status":"passed","steps":[],"attachments":[],"parameters":[],"shouldDisplayMessage":false,"stepsCount":0,"attachmentsCount":0,"hasContent":false,"attachmentStep":false}],"attachments":[],"parameters":[],"shouldDisplayMessage":true,"stepsCount":2,"attachmentsCount":0,"hasContent":true,"attachmentStep":false},"afterStages":[{"name":"afterMethod","time":{"start":1718748400486,"stop":1718748400953,"duration":467},"description":"","status":"passed","steps":[],"attachments":[{"uid":"b4a90f2c94ea3b33","name":"screenshot.png","source":"b4a90f2c94ea3b33.png","type":"image/png","size":84984}],"parameters":[],"shouldDisplayMessage":false,"stepsCount":0,"attachmentsCount":1,"hasContent":true,"attachmentStep":false}],"labels":[{"name":"package","value":"school.redrover.BuildHistoryTest"},{"name":"testClass","value":"school.redrover.BuildHistoryTest"},{"name":"testMethod","value":"testPermalinksDisplayed"},{"name":"parentSuite","value":"Surefire suite"},{"name":"suite","value":"Surefire test"},{"name":"subSuite","value":"school.redrover.BuildHistoryTest"},{"name":"host","value":"fv-az1542-209"},{"name":"thread","value":"3043@fv-az1542-209.main(1)"},{"name":"framework","value":"testng"},{"name":"language","value":"java"},{"name":"story","value":"US_08.002 Get the information about a project build"},{"name":"epic","value":"Build History"},{"name":"resultFormat","value":"allure2"}],"parameters":[],"links":[],"hidden":false,"retry":false,"extra":{"severity":"normal","retries":[],"categories":[{"name":"Product defects","matchedStatuses":[],"flaky":false}],"history":{"statistic":{"failed":2,"broken":0,"skipped":0,"passed":7,"unknown":0,"total":9},"items":[{"uid":"52c6b6ac5aa5035e","reportUrl":"https://RedRoverSchool.github.io/JenkinsQA_2024_spring/2638//#testresult/52c6b6ac5aa5035e","status":"failed","statusDetails":"Lists differ at element [0]: Last build (#1) != Last build (#2) expected [Last build (#1)] but found [Last build (#2)]","time":{"start":1718738741612,"stop":1718738741838,"duration":226}},{"uid":"2ed5a59c59163148","reportUrl":"https://RedRoverSchool.github.io/JenkinsQA_2024_spring/2637//#testresult/2ed5a59c59163148","status":"passed","time":{"start":1718687292524,"stop":1718687292689,"duration":165}},{"uid":"4b6f9ccb2c43af31","reportUrl":"https://RedRoverSchool.github.io/JenkinsQA_2024_spring/2636//#testresult/4b6f9ccb2c43af31","status":"passed","time":{"start":1718533072138,"stop":1718533072310,"duration":172}},{"uid":"6882ccaa8eb99d4b","reportUrl":"https://RedRoverSchool.github.io/JenkinsQA_2024_spring/2635//#testresult/6882ccaa8eb99d4b","status":"passed","time":{"start":1718528223239,"stop":1718528223417,"duration":178}},{"uid":"bb7cdff3504df78c","reportUrl":"https://RedRoverSchool.github.io/JenkinsQA_2024_spring/2634//#testresult/bb7cdff3504df78c","status":"passed","time":{"start":1718523364589,"stop":1718523364758,"duration":169}},{"uid":"d1c42a648dc7f8ac","reportUrl":"https://RedRoverSchool.github.io/JenkinsQA_2024_spring/2633//#testresult/d1c42a648dc7f8ac","status":"passed","time":{"start":1718490692676,"stop":1718490692845,"duration":169}},{"uid":"912d181aeac125b3","reportUrl":"https://RedRoverSchool.github.io/JenkinsQA_2024_spring/2632//#testresult/912d181aeac125b3","status":"passed","time":{"start":1718489225224,"stop":1718489225392,"duration":168}},{"uid":"6681d1be16c4aac7","reportUrl":"https://RedRoverSchool.github.io/JenkinsQA_2024_spring/2631//#testresult/6681d1be16c4aac7","status":"passed","time":{"start":1718487823358,"stop":1718487823528,"duration":170}}]},"tags":[]},"source":"f24761dd8b958516.json","parameterValues":[]}