{"uid":"79b87d2398b8d80f","name":"testUncheckUseGroovySandboxCheckbox","fullName":"school.redrover.PipelineTest.testUncheckUseGroovySandboxCheckbox","historyId":"67b30acc3b8bbdcf8b9fd6cb00481e","time":{"start":1719079768714,"stop":1719079779412,"duration":10698},"description":"02.004.06 Verify that Script Approval Link is Shown when Use Groovy Sandbox Checkbox is unchecked","descriptionHtml":"<p>02.004.06 Verify that Script Approval Link is Shown when Use Groovy Sandbox Checkbox is unchecked</p>\n","status":"broken","statusMessage":"Expected condition failed: waiting for element to be clickable: Proxy element for: DefaultElementLocator 'By.linkText: Script Approval Configuration' (tried for 5 second(s) with 500 milliseconds interval)","statusTrace":"org.openqa.selenium.TimeoutException: Expected condition failed: waiting for element to be clickable: Proxy element for: DefaultElementLocator 'By.linkText: Script Approval Configuration' (tried for 5 second(s) with 500 milliseconds interval)\n\tat org.openqa.selenium.support.ui.WebDriverWait.timeoutException(WebDriverWait.java:84)\n\tat org.openqa.selenium.support.ui.FluentWait.until(FluentWait.java:228)\n\tat school.redrover.model.PipelineConfigPage.isScriptApprovalLinkShown(PipelineConfigPage.java:346)\n\tat school.redrover.PipelineTest.testUncheckUseGroovySandboxCheckbox(PipelineTest.java:946)\n\tat java.base/jdk.internal.reflect.NativeMethodAccessorImpl.invoke0(Native Method)\n\tat java.base/jdk.internal.reflect.NativeMethodAccessorImpl.invoke(NativeMethodAccessorImpl.java:77)\n\tat java.base/jdk.internal.reflect.DelegatingMethodAccessorImpl.invoke(DelegatingMethodAccessorImpl.java:43)\n\tat java.base/java.lang.reflect.Method.invoke(Method.java:568)\n\tat org.testng.internal.invokers.MethodInvocationHelper.invokeMethod(MethodInvocationHelper.java:139)\n\tat org.testng.internal.invokers.TestInvoker.invokeMethod(TestInvoker.java:664)\n\tat org.testng.internal.invokers.TestInvoker.invokeTestMethod(TestInvoker.java:228)\n\tat org.testng.internal.invokers.MethodRunner.runInSequence(MethodRunner.java:63)\n\tat org.testng.internal.invokers.TestInvoker$MethodInvocationAgent.invoke(TestInvoker.java:961)\n\tat org.testng.internal.invokers.TestInvoker.invokeTestMethods(TestInvoker.java:201)\n\tat org.testng.internal.invokers.TestMethodWorker.invokeTestMethods(TestMethodWorker.java:148)\n\tat org.testng.internal.invokers.TestMethodWorker.run(TestMethodWorker.java:128)\n\tat java.base/java.util.ArrayList.forEach(ArrayList.java:1511)\n\tat org.testng.TestRunner.privateRun(TestRunner.java:819)\n\tat org.testng.TestRunner.run(TestRunner.java:619)\n\tat org.testng.SuiteRunner.runTest(SuiteRunner.java:443)\n\tat org.testng.SuiteRunner.runSequentially(SuiteRunner.java:437)\n\tat org.testng.SuiteRunner.privateRun(SuiteRunner.java:397)\n\tat org.testng.SuiteRunner.run(SuiteRunner.java:336)\n\tat org.testng.SuiteRunnerWorker.runSuite(SuiteRunnerWorker.java:52)\n\tat org.testng.SuiteRunnerWorker.run(SuiteRunnerWorker.java:95)\n\tat org.testng.TestNG.runSuitesSequentially(TestNG.java:1301)\n\tat org.testng.TestNG.runSuitesLocally(TestNG.java:1228)\n\tat org.testng.TestNG.runSuites(TestNG.java:1134)\n\tat org.testng.TestNG.run(TestNG.java:1101)\n\tat org.apache.maven.surefire.testng.TestNGExecutor.run(TestNGExecutor.java:155)\n\tat org.apache.maven.surefire.testng.TestNGDirectoryTestSuite.executeMulti(TestNGDirectoryTestSuite.java:169)\n\tat org.apache.maven.surefire.testng.TestNGDirectoryTestSuite.execute(TestNGDirectoryTestSuite.java:88)\n\tat org.apache.maven.surefire.testng.TestNGProvider.invoke(TestNGProvider.java:137)\n\tat org.apache.maven.surefire.booter.ForkedBooter.runSuitesInProcess(ForkedBooter.java:385)\n\tat org.apache.maven.surefire.booter.ForkedBooter.execute(ForkedBooter.java:162)\n\tat org.apache.maven.surefire.booter.ForkedBooter.run(ForkedBooter.java:507)\n\tat org.apache.maven.surefire.booter.ForkedBooter.main(ForkedBooter.java:495)\nCaused by: org.openqa.selenium.NoSuchElementException: no such element: Unable to locate element: {\"method\":\"link text\",\"selector\":\"Script Approval Configuration\"}\n  (Session info: chrome=126.0.6478.61)\nFor documentation on this error, please visit: https://www.selenium.dev/documentation/webdriver/troubleshooting/errors#no-such-element-exception\nBuild info: version: '4.22.0', revision: 'c5f3146703*'\nSystem info: os.name: 'Linux', os.arch: 'amd64', os.version: '6.5.0-1022-azure', java.version: '17.0.11'\nDriver info: org.openqa.selenium.chrome.ChromeDriver\nCommand: [73d15585f6763d677f233223ef5a04c4, findElement {value=Script Approval Configuration, using=link text}]\nCapabilities {acceptInsecureCerts: false, browserName: chrome, browserVersion: 126.0.6478.61, chrome: {chromedriverVersion: 126.0.6478.61 (8dc092df54ce..., userDataDir: /tmp/.org.chromium.Chromium...}, fedcm:accounts: true, goog:chromeOptions: {debuggerAddress: localhost:38121}, networkConnectionEnabled: false, pageLoadStrategy: normal, platformName: linux, proxy: Proxy(), se:cdp: ws://localhost:38121/devtoo..., se:cdpVersion: 126.0.6478.61, setWindowRect: true, strictFileInteractability: false, timeouts: {implicit: 0, pageLoad: 300000, script: 30000}, unhandledPromptBehavior: dismiss and notify, webauthn:extension:credBlob: true, webauthn:extension:largeBlob: true, webauthn:extension:minPinLength: true, webauthn:extension:prf: true, webauthn:virtualAuthenticators: true}\nSession ID: 73d15585f6763d677f233223ef5a04c4\n\tat jdk.internal.reflect.GeneratedConstructorAccessor54.newInstance(Unknown Source)\n\tat java.base/jdk.internal.reflect.DelegatingConstructorAccessorImpl.newInstance(DelegatingConstructorAccessorImpl.java:45)\n\tat java.base/java.lang.reflect.Constructor.newInstanceWithCaller(Constructor.java:499)\n\tat java.base/java.lang.reflect.Constructor.newInstance(Constructor.java:480)\n\tat org.openqa.selenium.remote.ErrorCodec.decode(ErrorCodec.java:167)\n\tat org.openqa.selenium.remote.codec.w3c.W3CHttpResponseCodec.decode(W3CHttpResponseCodec.java:138)\n\tat org.openqa.selenium.remote.codec.w3c.W3CHttpResponseCodec.decode(W3CHttpResponseCodec.java:50)\n\tat org.openqa.selenium.remote.HttpCommandExecutor.execute(HttpCommandExecutor.java:190)\n\tat org.openqa.selenium.remote.service.DriverCommandExecutor.invokeExecute(DriverCommandExecutor.java:216)\n\tat org.openqa.selenium.remote.service.DriverCommandExecutor.execute(DriverCommandExecutor.java:174)\n\tat org.openqa.selenium.remote.RemoteWebDriver.execute(RemoteWebDriver.java:518)\n\tat org.openqa.selenium.remote.ElementLocation$ElementFinder$2.findElement(ElementLocation.java:165)\n\tat org.openqa.selenium.remote.ElementLocation.findElement(ElementLocation.java:59)\n\tat org.openqa.selenium.remote.RemoteWebDriver.findElement(RemoteWebDriver.java:355)\n\tat org.openqa.selenium.remote.RemoteWebDriver.findElement(RemoteWebDriver.java:349)\n\tat org.openqa.selenium.support.pagefactory.DefaultElementLocator.findElement(DefaultElementLocator.java:68)\n\tat org.openqa.selenium.support.pagefactory.internal.LocatingElementHandler.invoke(LocatingElementHandler.java:38)\n\tat jdk.proxy2/jdk.proxy2.$Proxy39.isDisplayed(Unknown Source)\n\tat org.openqa.selenium.support.ui.ExpectedConditions.elementIfVisible(ExpectedConditions.java:304)\n\tat org.openqa.selenium.support.ui.ExpectedConditions$10.apply(ExpectedConditions.java:290)\n\tat org.openqa.selenium.support.ui.ExpectedConditions$10.apply(ExpectedConditions.java:287)\n\tat org.openqa.selenium.support.ui.ExpectedConditions$23.apply(ExpectedConditions.java:656)\n\tat org.openqa.selenium.support.ui.ExpectedConditions$23.apply(ExpectedConditions.java:652)\n\tat org.openqa.selenium.support.ui.FluentWait.until(FluentWait.java:203)\n\t... 35 more\n","flaky":false,"newFailed":false,"newBroken":true,"newPassed":false,"retriesCount":0,"retriesStatusChange":false,"beforeStages":[{"name":"beforeClass","time":{"start":1719079448878,"stop":1719079448878,"duration":0},"description":"","status":"passed","steps":[],"attachments":[],"parameters":[],"shouldDisplayMessage":false,"stepsCount":0,"attachmentsCount":0,"hasContent":false,"attachmentStep":false},{"name":"beforeMethod","time":{"start":1719079767869,"stop":1719079768713,"duration":844},"description":"","status":"passed","steps":[],"attachments":[],"parameters":[],"shouldDisplayMessage":false,"stepsCount":0,"attachmentsCount":0,"hasContent":false,"attachmentStep":false}],"testStage":{"description":"02.004.06 Verify that Script Approval Link is Shown when Use Groovy Sandbox Checkbox is unchecked","status":"broken","statusMessage":"Expected condition failed: waiting for element to be clickable: Proxy element for: DefaultElementLocator 'By.linkText: Script Approval Configuration' (tried for 5 second(s) with 500 milliseconds interval)","statusTrace":"org.openqa.selenium.TimeoutException: Expected condition failed: waiting for element to be clickable: Proxy element for: DefaultElementLocator 'By.linkText: Script Approval Configuration' (tried for 5 second(s) with 500 milliseconds interval)\n\tat org.openqa.selenium.support.ui.WebDriverWait.timeoutException(WebDriverWait.java:84)\n\tat org.openqa.selenium.support.ui.FluentWait.until(FluentWait.java:228)\n\tat school.redrover.model.PipelineConfigPage.isScriptApprovalLinkShown(PipelineConfigPage.java:346)\n\tat school.redrover.PipelineTest.testUncheckUseGroovySandboxCheckbox(PipelineTest.java:946)\n\tat java.base/jdk.internal.reflect.NativeMethodAccessorImpl.invoke0(Native Method)\n\tat java.base/jdk.internal.reflect.NativeMethodAccessorImpl.invoke(NativeMethodAccessorImpl.java:77)\n\tat java.base/jdk.internal.reflect.DelegatingMethodAccessorImpl.invoke(DelegatingMethodAccessorImpl.java:43)\n\tat java.base/java.lang.reflect.Method.invoke(Method.java:568)\n\tat org.testng.internal.invokers.MethodInvocationHelper.invokeMethod(MethodInvocationHelper.java:139)\n\tat org.testng.internal.invokers.TestInvoker.invokeMethod(TestInvoker.java:664)\n\tat org.testng.internal.invokers.TestInvoker.invokeTestMethod(TestInvoker.java:228)\n\tat org.testng.internal.invokers.MethodRunner.runInSequence(MethodRunner.java:63)\n\tat org.testng.internal.invokers.TestInvoker$MethodInvocationAgent.invoke(TestInvoker.java:961)\n\tat org.testng.internal.invokers.TestInvoker.invokeTestMethods(TestInvoker.java:201)\n\tat org.testng.internal.invokers.TestMethodWorker.invokeTestMethods(TestMethodWorker.java:148)\n\tat org.testng.internal.invokers.TestMethodWorker.run(TestMethodWorker.java:128)\n\tat java.base/java.util.ArrayList.forEach(ArrayList.java:1511)\n\tat org.testng.TestRunner.privateRun(TestRunner.java:819)\n\tat org.testng.TestRunner.run(TestRunner.java:619)\n\tat org.testng.SuiteRunner.runTest(SuiteRunner.java:443)\n\tat org.testng.SuiteRunner.runSequentially(SuiteRunner.java:437)\n\tat org.testng.SuiteRunner.privateRun(SuiteRunner.java:397)\n\tat org.testng.SuiteRunner.run(SuiteRunner.java:336)\n\tat org.testng.SuiteRunnerWorker.runSuite(SuiteRunnerWorker.java:52)\n\tat org.testng.SuiteRunnerWorker.run(SuiteRunnerWorker.java:95)\n\tat org.testng.TestNG.runSuitesSequentially(TestNG.java:1301)\n\tat org.testng.TestNG.runSuitesLocally(TestNG.java:1228)\n\tat org.testng.TestNG.runSuites(TestNG.java:1134)\n\tat org.testng.TestNG.run(TestNG.java:1101)\n\tat org.apache.maven.surefire.testng.TestNGExecutor.run(TestNGExecutor.java:155)\n\tat org.apache.maven.surefire.testng.TestNGDirectoryTestSuite.executeMulti(TestNGDirectoryTestSuite.java:169)\n\tat org.apache.maven.surefire.testng.TestNGDirectoryTestSuite.execute(TestNGDirectoryTestSuite.java:88)\n\tat org.apache.maven.surefire.testng.TestNGProvider.invoke(TestNGProvider.java:137)\n\tat org.apache.maven.surefire.booter.ForkedBooter.runSuitesInProcess(ForkedBooter.java:385)\n\tat org.apache.maven.surefire.booter.ForkedBooter.execute(ForkedBooter.java:162)\n\tat org.apache.maven.surefire.booter.ForkedBooter.run(ForkedBooter.java:507)\n\tat org.apache.maven.surefire.booter.ForkedBooter.main(ForkedBooter.java:495)\nCaused by: org.openqa.selenium.NoSuchElementException: no such element: Unable to locate element: {\"method\":\"link text\",\"selector\":\"Script Approval Configuration\"}\n  (Session info: chrome=126.0.6478.61)\nFor documentation on this error, please visit: https://www.selenium.dev/documentation/webdriver/troubleshooting/errors#no-such-element-exception\nBuild info: version: '4.22.0', revision: 'c5f3146703*'\nSystem info: os.name: 'Linux', os.arch: 'amd64', os.version: '6.5.0-1022-azure', java.version: '17.0.11'\nDriver info: org.openqa.selenium.chrome.ChromeDriver\nCommand: [73d15585f6763d677f233223ef5a04c4, findElement {value=Script Approval Configuration, using=link text}]\nCapabilities {acceptInsecureCerts: false, browserName: chrome, browserVersion: 126.0.6478.61, chrome: {chromedriverVersion: 126.0.6478.61 (8dc092df54ce..., userDataDir: /tmp/.org.chromium.Chromium...}, fedcm:accounts: true, goog:chromeOptions: {debuggerAddress: localhost:38121}, networkConnectionEnabled: false, pageLoadStrategy: normal, platformName: linux, proxy: Proxy(), se:cdp: ws://localhost:38121/devtoo..., se:cdpVersion: 126.0.6478.61, setWindowRect: true, strictFileInteractability: false, timeouts: {implicit: 0, pageLoad: 300000, script: 30000}, unhandledPromptBehavior: dismiss and notify, webauthn:extension:credBlob: true, webauthn:extension:largeBlob: true, webauthn:extension:minPinLength: true, webauthn:extension:prf: true, webauthn:virtualAuthenticators: true}\nSession ID: 73d15585f6763d677f233223ef5a04c4\n\tat jdk.internal.reflect.GeneratedConstructorAccessor54.newInstance(Unknown Source)\n\tat java.base/jdk.internal.reflect.DelegatingConstructorAccessorImpl.newInstance(DelegatingConstructorAccessorImpl.java:45)\n\tat java.base/java.lang.reflect.Constructor.newInstanceWithCaller(Constructor.java:499)\n\tat java.base/java.lang.reflect.Constructor.newInstance(Constructor.java:480)\n\tat org.openqa.selenium.remote.ErrorCodec.decode(ErrorCodec.java:167)\n\tat org.openqa.selenium.remote.codec.w3c.W3CHttpResponseCodec.decode(W3CHttpResponseCodec.java:138)\n\tat org.openqa.selenium.remote.codec.w3c.W3CHttpResponseCodec.decode(W3CHttpResponseCodec.java:50)\n\tat org.openqa.selenium.remote.HttpCommandExecutor.execute(HttpCommandExecutor.java:190)\n\tat org.openqa.selenium.remote.service.DriverCommandExecutor.invokeExecute(DriverCommandExecutor.java:216)\n\tat org.openqa.selenium.remote.service.DriverCommandExecutor.execute(DriverCommandExecutor.java:174)\n\tat org.openqa.selenium.remote.RemoteWebDriver.execute(RemoteWebDriver.java:518)\n\tat org.openqa.selenium.remote.ElementLocation$ElementFinder$2.findElement(ElementLocation.java:165)\n\tat org.openqa.selenium.remote.ElementLocation.findElement(ElementLocation.java:59)\n\tat org.openqa.selenium.remote.RemoteWebDriver.findElement(RemoteWebDriver.java:355)\n\tat org.openqa.selenium.remote.RemoteWebDriver.findElement(RemoteWebDriver.java:349)\n\tat org.openqa.selenium.support.pagefactory.DefaultElementLocator.findElement(DefaultElementLocator.java:68)\n\tat org.openqa.selenium.support.pagefactory.internal.LocatingElementHandler.invoke(LocatingElementHandler.java:38)\n\tat jdk.proxy2/jdk.proxy2.$Proxy39.isDisplayed(Unknown Source)\n\tat org.openqa.selenium.support.ui.ExpectedConditions.elementIfVisible(ExpectedConditions.java:304)\n\tat org.openqa.selenium.support.ui.ExpectedConditions$10.apply(ExpectedConditions.java:290)\n\tat org.openqa.selenium.support.ui.ExpectedConditions$10.apply(ExpectedConditions.java:287)\n\tat org.openqa.selenium.support.ui.ExpectedConditions$23.apply(ExpectedConditions.java:656)\n\tat org.openqa.selenium.support.ui.ExpectedConditions$23.apply(ExpectedConditions.java:652)\n\tat org.openqa.selenium.support.ui.FluentWait.until(FluentWait.java:203)\n\t... 35 more\n","steps":[{"name":"Create the Pipeline project: 'FirstPipeline'","time":{"start":1719079768714,"stop":1719079769621,"duration":907},"status":"passed","steps":[{"name":"Click 'New Item' on sidebar menu","time":{"start":1719079768714,"stop":1719079768967,"duration":253},"status":"passed","steps":[],"attachments":[],"parameters":[],"shouldDisplayMessage":false,"stepsCount":0,"attachmentsCount":0,"hasContent":false,"attachmentStep":false},{"name":"Type 'FirstPipeline' to name input field","time":{"start":1719079768967,"stop":1719079769058,"duration":91},"status":"passed","steps":[],"attachments":[],"parameters":[{"name":"name","value":"FirstPipeline"}],"shouldDisplayMessage":false,"stepsCount":0,"attachmentsCount":0,"hasContent":true,"attachmentStep":false},{"name":"Select 'Pipeline' and click 'Ok' button","time":{"start":1719079769058,"stop":1719079769188,"duration":130},"status":"passed","steps":[],"attachments":[],"parameters":[],"shouldDisplayMessage":false,"stepsCount":0,"attachmentsCount":0,"hasContent":false,"attachmentStep":false},{"name":"Click on the 'Save' button ","time":{"start":1719079769188,"stop":1719079769447,"duration":259},"status":"passed","steps":[],"attachments":[],"parameters":[],"shouldDisplayMessage":false,"stepsCount":0,"attachmentsCount":0,"hasContent":false,"attachmentStep":false},{"name":"Click on the Jenkins logo on the header","time":{"start":1719079769447,"stop":1719079769621,"duration":174},"status":"passed","steps":[],"attachments":[],"parameters":[],"shouldDisplayMessage":false,"stepsCount":0,"attachmentsCount":0,"hasContent":false,"attachmentStep":false}],"attachments":[],"parameters":[{"name":"baseTest","value":"school.redrover.PipelineTest@4efb13f1"},{"name":"name","value":"FirstPipeline"}],"shouldDisplayMessage":false,"stepsCount":5,"attachmentsCount":0,"hasContent":true,"attachmentStep":false},{"name":"Click on the 'FirstPipeline' Pipeline name","time":{"start":1719079769621,"stop":1719079769731,"duration":110},"status":"passed","steps":[],"attachments":[],"parameters":[{"name":"itemName","value":"FirstPipeline"}],"shouldDisplayMessage":false,"stepsCount":0,"attachmentsCount":0,"hasContent":true,"attachmentStep":false},{"name":"Click on the 'Configure' on sidebar","time":{"start":1719079769731,"stop":1719079769994,"duration":263},"status":"passed","steps":[],"attachments":[],"parameters":[],"shouldDisplayMessage":false,"stepsCount":0,"attachmentsCount":0,"hasContent":false,"attachmentStep":false},{"name":"Click 'try sample Pipeline...' to open dropdown menu","time":{"start":1719079769994,"stop":1719079770068,"duration":74},"status":"passed","steps":[],"attachments":[],"parameters":[],"shouldDisplayMessage":false,"stepsCount":0,"attachmentsCount":0,"hasContent":false,"attachmentStep":false},{"name":"Select github-maven option by value","time":{"start":1719079770068,"stop":1719079770167,"duration":99},"status":"passed","steps":[],"attachments":[],"parameters":[{"name":"scriptName","value":"github-maven"}],"shouldDisplayMessage":false,"stepsCount":0,"attachmentsCount":0,"hasContent":true,"attachmentStep":false},{"name":"Click 'Use Groovy Sandbox' checkbox","time":{"start":1719079770167,"stop":1719079770236,"duration":69},"status":"passed","steps":[],"attachments":[],"parameters":[],"shouldDisplayMessage":false,"stepsCount":0,"attachmentsCount":0,"hasContent":false,"attachmentStep":false}],"attachments":[],"parameters":[],"shouldDisplayMessage":true,"stepsCount":11,"attachmentsCount":0,"hasContent":true,"attachmentStep":false},"afterStages":[{"name":"afterMethod","time":{"start":1719079779416,"stop":1719079779862,"duration":446},"description":"","status":"passed","steps":[],"attachments":[{"uid":"b8b647f21ffc0e47","name":"screenshot.png","source":"b8b647f21ffc0e47.png","type":"image/png","size":91008}],"parameters":[],"shouldDisplayMessage":false,"stepsCount":0,"attachmentsCount":1,"hasContent":true,"attachmentStep":false}],"labels":[{"name":"package","value":"school.redrover.PipelineTest"},{"name":"testClass","value":"school.redrover.PipelineTest"},{"name":"testMethod","value":"testUncheckUseGroovySandboxCheckbox"},{"name":"parentSuite","value":"Surefire suite"},{"name":"suite","value":"Surefire test"},{"name":"subSuite","value":"school.redrover.PipelineTest"},{"name":"host","value":"fv-az1113-373"},{"name":"thread","value":"3088@fv-az1113-373.main(1)"},{"name":"framework","value":"testng"},{"name":"language","value":"java"},{"name":"story","value":"US_02.004 Verify the Pipeline configuration"},{"name":"epic","value":"Pipeline"},{"name":"resultFormat","value":"allure2"}],"parameters":[],"links":[],"hidden":false,"retry":false,"extra":{"severity":"normal","retries":[],"categories":[{"name":"Test defects","matchedStatuses":[],"flaky":false}],"history":{"statistic":{"failed":0,"broken":2,"skipped":0,"passed":42,"unknown":0,"total":44},"items":[{"uid":"62fd97ecbe679dfd","reportUrl":"https://RedRoverSchool.github.io/JenkinsQA_2024_spring/2674//#testresult/62fd97ecbe679dfd","status":"passed","time":{"start":1719072744772,"stop":1719072746620,"duration":1848}},{"uid":"c94fa7c6a82ffacb","reportUrl":"https://RedRoverSchool.github.io/JenkinsQA_2024_spring/2673//#testresult/c94fa7c6a82ffacb","status":"passed","time":{"start":1719068979075,"stop":1719068980925,"duration":1850}},{"uid":"4bf5cec27eb02d9d","reportUrl":"https://RedRoverSchool.github.io/JenkinsQA_2024_spring/2671//#testresult/4bf5cec27eb02d9d","status":"passed","time":{"start":1719064925217,"stop":1719064926999,"duration":1782}},{"uid":"82a0e35620f05fc6","reportUrl":"https://RedRoverSchool.github.io/JenkinsQA_2024_spring/2670//#testresult/82a0e35620f05fc6","status":"passed","time":{"start":1719060841177,"stop":1719060842931,"duration":1754}},{"uid":"9d36e9b4b705ded6","reportUrl":"https://RedRoverSchool.github.io/JenkinsQA_2024_spring/2669//#testresult/9d36e9b4b705ded6","status":"passed","time":{"start":1718996435679,"stop":1718996437458,"duration":1779}},{"uid":"a2503635726cf8fd","reportUrl":"https://RedRoverSchool.github.io/JenkinsQA_2024_spring/2668//#testresult/a2503635726cf8fd","status":"passed","time":{"start":1718980887447,"stop":1718980889197,"duration":1750}},{"uid":"a6585bc731d72a2c","reportUrl":"https://RedRoverSchool.github.io/JenkinsQA_2024_spring/2667//#testresult/a6585bc731d72a2c","status":"passed","time":{"start":1718978820029,"stop":1718978821732,"duration":1703}},{"uid":"3b6e9fdf34385a52","reportUrl":"https://RedRoverSchool.github.io/JenkinsQA_2024_spring/2666//#testresult/3b6e9fdf34385a52","status":"passed","time":{"start":1718977325415,"stop":1718977327266,"duration":1851}},{"uid":"1d0997ba8ff3125","reportUrl":"https://RedRoverSchool.github.io/JenkinsQA_2024_spring/2665//#testresult/1d0997ba8ff3125","status":"passed","time":{"start":1718973090767,"stop":1718973092443,"duration":1676}},{"uid":"4a63a8d68f29853","reportUrl":"https://RedRoverSchool.github.io/JenkinsQA_2024_spring/2664//#testresult/4a63a8d68f29853","status":"passed","time":{"start":1718951565025,"stop":1718951566823,"duration":1798}},{"uid":"b23f0de6c21d0396","reportUrl":"https://RedRoverSchool.github.io/JenkinsQA_2024_spring/2663//#testresult/b23f0de6c21d0396","status":"passed","time":{"start":1718938657075,"stop":1718938658771,"duration":1696}},{"uid":"85e318f9df879651","reportUrl":"https://RedRoverSchool.github.io/JenkinsQA_2024_spring/2661//#testresult/85e318f9df879651","status":"passed","time":{"start":1718927793659,"stop":1718927795454,"duration":1795}},{"uid":"bcce899c05093a28","reportUrl":"https://RedRoverSchool.github.io/JenkinsQA_2024_spring/2659//#testresult/bcce899c05093a28","status":"passed","time":{"start":1718925343049,"stop":1718925344772,"duration":1723}},{"uid":"2832dbb9a48a879d","reportUrl":"https://RedRoverSchool.github.io/JenkinsQA_2024_spring/2658//#testresult/2832dbb9a48a879d","status":"passed","time":{"start":1718925011499,"stop":1718925013229,"duration":1730}},{"uid":"39888ed2a714f070","reportUrl":"https://RedRoverSchool.github.io/JenkinsQA_2024_spring/2657//#testresult/39888ed2a714f070","status":"passed","time":{"start":1718918769594,"stop":1718918771389,"duration":1795}},{"uid":"8246e7135ac7dcc9","reportUrl":"https://RedRoverSchool.github.io/JenkinsQA_2024_spring/2655//#testresult/8246e7135ac7dcc9","status":"passed","time":{"start":1718916992749,"stop":1718916994490,"duration":1741}},{"uid":"7fd692374949d68c","reportUrl":"https://RedRoverSchool.github.io/JenkinsQA_2024_spring/2656//#testresult/7fd692374949d68c","status":"passed","time":{"start":1718916460785,"stop":1718916462934,"duration":2149}},{"uid":"64ed5a4db27b464b","reportUrl":"https://RedRoverSchool.github.io/JenkinsQA_2024_spring/2655//#testresult/64ed5a4db27b464b","status":"passed","time":{"start":1718914748422,"stop":1718914750251,"duration":1829}},{"uid":"384e126c3f9c7f6","reportUrl":"https://RedRoverSchool.github.io/JenkinsQA_2024_spring/2654//#testresult/384e126c3f9c7f6","status":"passed","time":{"start":1718913761643,"stop":1718913763277,"duration":1634}},{"uid":"7b0a438344390615","reportUrl":"https://RedRoverSchool.github.io/JenkinsQA_2024_spring/2653//#testresult/7b0a438344390615","status":"passed","time":{"start":1718912263428,"stop":1718912265235,"duration":1807}}]},"tags":[]},"source":"79b87d2398b8d80f.json","parameterValues":[]}